android/app/build/outputs/mapping/debug/mapping.txt
# compiler: R8
# compiler_version: 1.5.64
# min_api: 21
# pg_map_id: 33d04c3
com.tendoll.covid.MainActivity -> com.tendoll.covid.MainActivity:
    8:8:void <init>() -> <init>
    10:11:void configureFlutterEngine(io.flutter.embedding.engine.FlutterEngine) -> b
...
com.google.firestore.v1.WriteRequest -> b.a.e.a.v0:
    java.lang.String streamId_ -> f
    com.google.firestore.v1.WriteRequest DEFAULT_INSTANCE -> j
    com.google.protobuf.MapFieldLite labels_ -> i
    com.google.protobuf.ByteString streamToken_ -> h
    com.google.protobuf.Internal$ProtobufList writes_ -> g
    int bitField0_ -> d
    com.google.protobuf.Parser PARSER -> k
    java.lang.String database_ -> e
    1365:1367:void <clinit>() -> <clinit>
    24:29:void <init>() -> <init>
    19:19:void access$100(com.google.firestore.v1.WriteRequest,java.lang.String) -> a
    19:19:void access$1600(com.google.firestore.v1.WriteRequest,com.google.protobuf.ByteString) -> a
    19:19:void access$900(com.google.firestore.v1.WriteRequest,com.google.firestore.v1.Write) -> a
    69:70:void setDatabase(java.lang.String) -> a
    311:312:void addWrites(com.google.firestore.v1.Write) -> a
    453:454:void setStreamToken(com.google.protobuf.ByteString) -> a
    589:606:void writeTo(com.google.protobuf.CodedOutputStream) -> a
    1250:1252:java.lang.Object dynamicMethod(com.google.protobuf.GeneratedMessageLite$MethodToInvoke,java.lang.Object,java.lang.Object) -> a
    609:635:int getSerializedSize() -> d
    43:43:java.lang.String getDatabase() -> l
    119:119:java.lang.String getStreamId() -> m
    19:19:com.google.firestore.v1.WriteRequest access$000() -> n
    258:262:void ensureWritesIsMutable() -> o
    1370:1370:com.google.firestore.v1.WriteRequest getDefaultInstance() -> p
com.google.firestore.v1.WriteRequest$1 -> b.a.e.a.v0$a:
    int[] $SwitchMap$com$google$protobuf$GeneratedMessageLite$MethodToInvoke -> a
    1250:1250:void <clinit>() -> <clinit>
com.google.firestore.v1.WriteRequest$Builder -> b.a.e.a.v0$b:
    719:719:void <init>(com.google.firestore.v1.WriteRequest$1) -> <init>
    726:727:void <init>() -> <init>
    766:768:com.google.firestore.v1.WriteRequest$Builder setDatabase(java.lang.String) -> a
    958:960:com.google.firestore.v1.WriteRequest$Builder addWrites(com.google.firestore.v1.Write) -> a
    1099:1101:com.google.firestore.v1.WriteRequest$Builder setStreamToken(com.google.protobuf.ByteString) -> a
com.google.firestore.v1.WriteRequest$LabelsDefaultEntryHolder -> b.a.e.a.v0$c:
    com.google.protobuf.MapEntryLite defaultEntry -> a
    483:483:void <clinit>() -> <clinit>
com.google.firestore.v1.WriteRequestOrBuilder -> b.a.e.a.w0:
com.google.firestore.v1.WriteResponse -> b.a.e.a.x0:
    com.google.protobuf.Parser PARSER -> j
    com.google.protobuf.Timestamp commitTime_ -> h
    com.google.firestore.v1.WriteResponse DEFAULT_INSTANCE -> i
    com.google.protobuf.Internal$ProtobufList writeResults_ -> g
    int bitField0_ -> d
    com.google.protobuf.ByteString streamToken_ -> f
    java.lang.String streamId_ -> e
    1007:1009:void <clinit>() -> <clinit>
    18:22:void <init>() -> <init>
    188:188:com.google.firestore.v1.WriteResult getWriteResults(int) -> a
    421:433:void writeTo(com.google.protobuf.CodedOutputStream) -> a
    895:897:java.lang.Object dynamicMethod(com.google.protobuf.GeneratedMessageLite$MethodToInvoke,java.lang.Object,java.lang.Object) -> a
    436:457:int getSerializedSize() -> d
    363:363:com.google.protobuf.Timestamp getCommitTime() -> l
    35:35:java.lang.String getStreamId() -> m
    107:107:com.google.protobuf.ByteString getStreamToken() -> n
    176:176:int getWriteResultsCount() -> o
    13:13:com.google.firestore.v1.WriteResponse access$000() -> p
    1012:1012:com.google.firestore.v1.WriteResponse getDefaultInstance() -> q
com.google.firestore.v1.WriteResponse$1 -> b.a.e.a.x0$a:
    int[] $SwitchMap$com$google$protobuf$GeneratedMessageLite$MethodToInvoke -> a
    895:895:void <clinit>() -> <clinit>
com.google.firestore.v1.WriteResponse$Builder -> b.a.e.a.x0$b:
    535:535:void <init>(com.google.firestore.v1.WriteResponse$1) -> <init>
    542:543:void <init>() -> <init>
com.google.firestore.v1.WriteResponseOrBuilder -> b.a.e.a.y0: